This is pdfTeX, Version 3.141592653-2.6-1.40.25 (MiKTeX 24.1) (preloaded format=pdflatex 2025.11.19)  2 DEC 2025 21:57
entering extended mode
 restricted \write18 enabled.
 %&-line parsing enabled.
**./universal-catastrophic-safety-undecidability-capability-risk-frontier_en.te
x
(universal-catastrophic-safety-undecidability-capability-risk-frontier_en.tex
LaTeX2e <2023-11-01> patch level 1
L3 programming layer <2024-01-04>
(C:\Users\zwl62\AppData\Local\Programs\MiKTeX\tex/latex/base\article.cls
Document Class: article 2023/05/17 v1.4n Standard LaTeX document class
(C:\Users\zwl62\AppData\Local\Programs\MiKTeX\tex/latex/base\size11.clo
File: size11.clo 2023/05/17 v1.4n Standard LaTeX file (size option)
)
\c@part=\count187
\c@section=\count188
\c@subsection=\count189
\c@subsubsection=\count190
\c@paragraph=\count191
\c@subparagraph=\count192
\c@figure=\count193
\c@table=\count194
\abovecaptionskip=\skip48
\belowcaptionskip=\skip49
\bibindent=\dimen140
)
(jmlr2e.sty
Package: jmlr2e 

(C:\Users\zwl62\AppData\Local\Programs\MiKTeX\tex/latex/natbib\natbib.sty
Package: natbib 2010/09/13 8.31b (PWD, AO)
\bibhang=\skip50
\bibsep=\skip51
LaTeX Info: Redefining \cite on input line 694.
\c@NAT@ctr=\count195
)
(C:\Users\zwl62\AppData\Local\Programs\MiKTeX\tex/latex/graphics\graphicx.sty
Package: graphicx 2021/09/16 v1.2d Enhanced LaTeX Graphics (DPC,SPQR)

(C:\Users\zwl62\AppData\Local\Programs\MiKTeX\tex/latex/graphics\keyval.sty
Package: keyval 2022/05/29 v1.15 key=value parser (DPC)
\KV@toks@=\toks17
)
(C:\Users\zwl62\AppData\Local\Programs\MiKTeX\tex/latex/graphics\graphics.sty
Package: graphics 2022/03/10 v1.4e Standard LaTeX Graphics (DPC,SPQR)

(C:\Users\zwl62\AppData\Local\Programs\MiKTeX\tex/latex/graphics\trig.sty
Package: trig 2021/08/11 v1.11 sin cos tan (DPC)
)
(C:\Users\zwl62\AppData\Local\Programs\MiKTeX\tex/latex/graphics-cfg\graphics.c
fg
File: graphics.cfg 2016/06/04 v1.11 sample graphics configuration
)
Package graphics Info: Driver file: pdftex.def on input line 107.

(C:\Users\zwl62\AppData\Local\Programs\MiKTeX\tex/latex/graphics-def\pdftex.def
File: pdftex.def 2022/09/22 v1.2b Graphics/color driver for pdftex
))
\Gin@req@height=\dimen141
\Gin@req@width=\dimen142
) (C:\Users\zwl62\AppData\Local\Programs\MiKTeX\tex/latex/amscls\amsthm.sty
Package: amsthm 2020/05/29 v2.20.6
\thm@style=\toks18
\thm@bodyfont=\toks19
\thm@headfont=\toks20
\thm@notefont=\toks21
\thm@headpunct=\toks22
\thm@preskip=\skip52
\thm@postskip=\skip53
\thm@headsep=\skip54
\dth@everypar=\toks23
)
\c@theorem=\count196
) (C:\Users\zwl62\AppData\Local\Programs\MiKTeX\tex/latex/amsmath\amsmath.sty
Package: amsmath 2023/05/13 v2.17o AMS math features
\@mathmargin=\skip55

For additional information on amsmath, use the `?' option.
(C:\Users\zwl62\AppData\Local\Programs\MiKTeX\tex/latex/amsmath\amstext.sty
Package: amstext 2021/08/26 v2.01 AMS text

(C:\Users\zwl62\AppData\Local\Programs\MiKTeX\tex/latex/amsmath\amsgen.sty
File: amsgen.sty 1999/11/30 v2.0 generic functions
\@emptytoks=\toks24
\ex@=\dimen143
))
(C:\Users\zwl62\AppData\Local\Programs\MiKTeX\tex/latex/amsmath\amsbsy.sty
Package: amsbsy 1999/11/29 v1.2d Bold Symbols
\pmbraise@=\dimen144
)
(C:\Users\zwl62\AppData\Local\Programs\MiKTeX\tex/latex/amsmath\amsopn.sty
Package: amsopn 2022/04/08 v2.04 operator names
)
\inf@bad=\count197
LaTeX Info: Redefining \frac on input line 234.
\uproot@=\count198
\leftroot@=\count199
LaTeX Info: Redefining \overline on input line 399.
LaTeX Info: Redefining \colon on input line 410.
\classnum@=\count266
\DOTSCASE@=\count267
LaTeX Info: Redefining \ldots on input line 496.
LaTeX Info: Redefining \dots on input line 499.
LaTeX Info: Redefining \cdots on input line 620.
\Mathstrutbox@=\box51
\strutbox@=\box52
LaTeX Info: Redefining \big on input line 722.
LaTeX Info: Redefining \Big on input line 723.
LaTeX Info: Redefining \bigg on input line 724.
LaTeX Info: Redefining \Bigg on input line 725.
\big@size=\dimen145
LaTeX Font Info:    Redeclaring font encoding OML on input line 743.
LaTeX Font Info:    Redeclaring font encoding OMS on input line 744.
\macc@depth=\count268
LaTeX Info: Redefining \bmod on input line 905.
LaTeX Info: Redefining \pmod on input line 910.
LaTeX Info: Redefining \smash on input line 940.
LaTeX Info: Redefining \relbar on input line 970.
LaTeX Info: Redefining \Relbar on input line 971.
\c@MaxMatrixCols=\count269
\dotsspace@=\muskip16
\c@parentequation=\count270
\dspbrk@lvl=\count271
\tag@help=\toks25
\row@=\count272
\column@=\count273
\maxfields@=\count274
\andhelp@=\toks26
\eqnshift@=\dimen146
\alignsep@=\dimen147
\tagshift@=\dimen148
\tagwidth@=\dimen149
\totwidth@=\dimen150
\lineht@=\dimen151
\@envbody=\toks27
\multlinegap=\skip56
\multlinetaggap=\skip57
\mathdisplay@stack=\toks28
LaTeX Info: Redefining \[ on input line 2953.
LaTeX Info: Redefining \] on input line 2954.
)
(C:\Users\zwl62\AppData\Local\Programs\MiKTeX\tex/latex/amsfonts\amssymb.sty
Package: amssymb 2013/01/14 v3.01 AMS font symbols

(C:\Users\zwl62\AppData\Local\Programs\MiKTeX\tex/latex/amsfonts\amsfonts.sty
Package: amsfonts 2013/01/14 v3.01 Basic AMSFonts support
\symAMSa=\mathgroup4
\symAMSb=\mathgroup5
LaTeX Font Info:    Redeclaring math symbol \hbar on input line 98.
LaTeX Font Info:    Overwriting math alphabet `\mathfrak' in version `bold'
(Font)                  U/euf/m/n --> U/euf/b/n on input line 106.
))
(C:\Users\zwl62\AppData\Local\Programs\MiKTeX\tex/latex/mathtools\mathtools.sty
Package: mathtools 2024/10/04 v1.31 mathematical typesetting tools
(C:\Users\zwl62\AppData\Local\Programs\MiKTeX\tex/latex/tools\calc.sty
Package: calc 2023/07/08 v4.3 Infix arithmetic (KKT,FJ)
\calc@Acount=\count275
\calc@Bcount=\count276
\calc@Adimen=\dimen152
\calc@Bdimen=\dimen153
\calc@Askip=\skip58
\calc@Bskip=\skip59
LaTeX Info: Redefining \setlength on input line 80.
LaTeX Info: Redefining \addtolength on input line 81.
\calc@Ccount=\count277
\calc@Cskip=\skip60
)
(C:\Users\zwl62\AppData\Local\Programs\MiKTeX\tex/latex/mathtools\mhsetup.sty
Package: mhsetup 2021/03/18 v1.4 programming setup (MH)
)
\g_MT_multlinerow_int=\count278
\l_MT_multwidth_dim=\dimen154
\origjot=\skip61
\l_MT_shortvdotswithinadjustabove_dim=\dimen155
\l_MT_shortvdotswithinadjustbelow_dim=\dimen156
\l_MT_above_intertext_sep=\dimen157
\l_MT_below_intertext_sep=\dimen158
\l_MT_above_shortintertext_sep=\dimen159
\l_MT_below_shortintertext_sep=\dimen160
\xmathstrut@box=\box53
\xmathstrut@dim=\dimen161
) (C:\Users\zwl62\AppData\Local\Programs\MiKTeX\tex/latex/braket\braket.sty)
(C:\Users\zwl62\AppData\Local\Programs\MiKTeX\tex/latex/booktabs\booktabs.sty
Package: booktabs 2020/01/12 v1.61803398 Publication quality tables
\heavyrulewidth=\dimen162
\lightrulewidth=\dimen163
\cmidrulewidth=\dimen164
\belowrulesep=\dimen165
\belowbottomsep=\dimen166
\aboverulesep=\dimen167
\abovetopsep=\dimen168
\cmidrulesep=\dimen169
\cmidrulekern=\dimen170
\defaultaddspace=\dimen171
\@cmidla=\count279
\@cmidlb=\count280
\@aboverulesep=\dimen172
\@belowrulesep=\dimen173
\@thisruleclass=\count281
\@lastruleclass=\count282
\@thisrulewidth=\dimen174
)
(C:\Users\zwl62\AppData\Local\Programs\MiKTeX\tex/latex/algorithms\algorithm.st
y
Package: algorithm 2009/08/24 v0.1 Document Style `algorithm' - floating enviro
nment
 (C:\Users\zwl62\AppData\Local\Programs\MiKTeX\tex/latex/float\float.sty
Package: float 2001/11/08 v1.3d Float enhancements (AL)
\c@float@type=\count283
\float@exts=\toks29
\float@box=\box54
\@float@everytoks=\toks30
\@floatcapt=\box55
)
(C:\Users\zwl62\AppData\Local\Programs\MiKTeX\tex/latex/base\ifthen.sty
Package: ifthen 2022/04/13 v1.1d Standard LaTeX ifthen package (DPC)
)
\@float@every@algorithm=\toks31
\c@algorithm=\count284
)
(C:\Users\zwl62\AppData\Local\Programs\MiKTeX\tex/latex/algorithms\algorithmic.
sty
Package: algorithmic 2009/08/24 v0.1 Document Style `algorithmic'
\c@ALC@unique=\count285
\c@ALC@line=\count286
\c@ALC@rem=\count287
\c@ALC@depth=\count288
\ALC@tlm=\skip62
\algorithmicindent=\skip63
) (C:\Users\zwl62\AppData\Local\Programs\MiKTeX\tex/latex/xcolor\xcolor.sty
Package: xcolor 2023/11/15 v3.01 LaTeX color extensions (UK)

(C:\Users\zwl62\AppData\Local\Programs\MiKTeX\tex/latex/graphics-cfg\color.cfg
File: color.cfg 2016/01/02 v1.6 sample color configuration
)
Package xcolor Info: Driver file: pdftex.def on input line 274.
(C:\Users\zwl62\AppData\Local\Programs\MiKTeX\tex/latex/graphics\mathcolor.ltx)
Package xcolor Info: Model `cmy' substituted by `cmy0' on input line 1350.
Package xcolor Info: Model `hsb' substituted by `rgb' on input line 1354.
Package xcolor Info: Model `RGB' extended on input line 1366.
Package xcolor Info: Model `HTML' substituted by `rgb' on input line 1368.
Package xcolor Info: Model `Hsb' substituted by `hsb' on input line 1369.
Package xcolor Info: Model `tHsb' substituted by `hsb' on input line 1370.
Package xcolor Info: Model `HSB' substituted by `hsb' on input line 1371.
Package xcolor Info: Model `Gray' substituted by `gray' on input line 1372.
Package xcolor Info: Model `wave' substituted by `hsb' on input line 1373.
)
(C:\Users\zwl62\AppData\Local\Programs\MiKTeX\tex/latex/l3backend\l3backend-pdf
tex.def
File: l3backend-pdftex.def 2024-01-04 L3 backend support: PDF output (pdfTeX)
\l__color_backend_stack_int=\count289
\l__pdf_internal_box=\box56
)
No file universal-catastrophic-safety-undecidability-capability-risk-frontier_e
n.aux.
\openout1 = `universal-catastrophic-safety-undecidability-capability-risk-front
ier_en.aux'.

LaTeX Font Info:    Checking defaults for OML/cmm/m/it on input line 29.
LaTeX Font Info:    ... okay on input line 29.
LaTeX Font Info:    Checking defaults for OMS/cmsy/m/n on input line 29.
LaTeX Font Info:    ... okay on input line 29.
LaTeX Font Info:    Checking defaults for OT1/cmr/m/n on input line 29.
LaTeX Font Info:    ... okay on input line 29.
LaTeX Font Info:    Checking defaults for T1/cmr/m/n on input line 29.
LaTeX Font Info:    ... okay on input line 29.
LaTeX Font Info:    Checking defaults for TS1/cmr/m/n on input line 29.
LaTeX Font Info:    ... okay on input line 29.
LaTeX Font Info:    Checking defaults for OMX/cmex/m/n on input line 29.
LaTeX Font Info:    ... okay on input line 29.
LaTeX Font Info:    Checking defaults for U/cmr/m/n on input line 29.
LaTeX Font Info:    ... okay on input line 29.

(C:\Users\zwl62\AppData\Local\Programs\MiKTeX\tex/context/base/mkii\supp-pdf.mk
ii
[Loading MPS to PDF converter (version 2006.09.02).]
\scratchcounter=\count290
\scratchdimen=\dimen175
\scratchbox=\box57
\nofMPsegments=\count291
\nofMParguments=\count292
\everyMPshowfont=\toks32
\MPscratchCnt=\count293
\MPscratchDim=\dimen176
\MPnumerator=\count294
\makeMPintoPDFobject=\count295
\everyMPtoPDFconversion=\toks33
)
(C:\Users\zwl62\AppData\Local\Programs\MiKTeX\tex/latex/epstopdf-pkg\epstopdf-b
ase.sty
Package: epstopdf-base 2020-01-24 v2.11 Base part for package epstopdf
Package epstopdf-base Info: Redefining graphics rule for `.eps' on input line 4
85.

(C:\Users\zwl62\AppData\Local\Programs\MiKTeX\tex/latex/00miktex\epstopdf-sys.c
fg
File: epstopdf-sys.cfg 2021/03/18 v2.0 Configuration of epstopdf for MiKTeX
))
LaTeX Font Info:    Trying to load font information for U+msa on input line 47.

 (C:\Users\zwl62\AppData\Local\Programs\MiKTeX\tex/latex/amsfonts\umsa.fd
File: umsa.fd 2013/01/14 v3.01 AMS symbols A
)
LaTeX Font Info:    Trying to load font information for U+msb on input line 47.


(C:\Users\zwl62\AppData\Local\Programs\MiKTeX\tex/latex/amsfonts\umsb.fd
File: umsb.fd 2013/01/14 v3.01 AMS symbols B
)

LaTeX Warning: Reference `thm:completeness' on page 1 undefined on input line 5
2.


LaTeX Warning: Reference `thm:fsc_decidable' on page 1 undefined on input line 
52.


LaTeX Warning: Reference `thm:memory_threshold' on page 1 undefined on input li
ne 52.


Overfull \hbox (1.35643pt too wide) in paragraph at lines 52--53
[]\OT1/cmr/bx/n/10 First (De-cid-abil-ity Land-scape)\OT1/cmr/m/n/10 , we prove
 that ver-i-fy-ing whether
 []


Overfull \hbox (14.5006pt too wide) in paragraph at lines 52--53
\OT1/cmr/m/n/10 finite-state con-trollers (The-o-rem []), re-veal-ing a sharp m
emory-dependent
 []


LaTeX Warning: Reference `def:unified_complexity' on page 1 undefined on input 
line 54.


LaTeX Warning: Reference `thm:unified_bound' on page 1 undefined on input line 
54.


LaTeX Warning: Reference `thm:minimax_lower' on page 1 undefined on input line 
54.


LaTeX Warning: Reference `thm:data_dependent_bound' on page 1 undefined on inpu
t line 54.

[1

{C:/Users/zwl62/AppData/Local/MiKTeX/fonts/map/pdftex/pdftex.map}]

LaTeX Warning: Reference `thm:data_dependent_bound' on page 2 undefined on inpu
t line 56.


Package natbib Warning: Citation `turing1936computable' on page 2 undefined on 
input line 65.


Package natbib Warning: Citation `rice1953classes' on page 2 undefined on input
 line 65.


Package natbib Warning: Citation `mcallester1999pacbayes' on page 2 undefined o
n input line 67.


Package natbib Warning: Citation `catoni2007pacbayes' on page 2 undefined on in
put line 67.


Package natbib Warning: Citation `xu2017information' on page 2 undefined on inp
ut line 67.


Package natbib Warning: Citation `steinke2020reasoning' on page 2 undefined on 
input line 67.


Package natbib Warning: Citation `villani2009optimal' on page 2 undefined on in
put line 67.


Package natbib Warning: Citation `esfahani2018data' on page 2 undefined on inpu
t line 67.

[2]

LaTeX Warning: Reference `thm:undecidability' on page 3 undefined on input line
 73.


LaTeX Warning: Reference `thm:completeness' on page 3 undefined on input line 7
3.


LaTeX Warning: Reference `thm:fsc_decidable' on page 3 undefined on input line 
73.


LaTeX Warning: Reference `thm:memory_threshold' on page 3 undefined on input li
ne 73.


LaTeX Warning: Reference `tab:decidability_landscape' on page 3 undefined on in
put line 73.


LaTeX Warning: Reference `thm:unified_bound' on page 3 undefined on input line 
75.


LaTeX Warning: Reference `def:unified_complexity' on page 3 undefined on input 
line 75.


LaTeX Warning: Reference `thm:unified_bound' on page 3 undefined on input line 
75.


LaTeX Warning: Reference `assump:data_lipschitz' on page 3 undefined on input l
ine 77.


LaTeX Warning: Reference `thm:data_dependent_bound' on page 3 undefined on inpu
t line 77.


LaTeX Warning: Reference `subsec:lipschitz_ablation' on page 3 undefined on inp
ut line 77.


LaTeX Warning: Reference `thm:data_dependent_bound' on page 3 undefined on inpu
t line 77.


LaTeX Warning: Reference `thm:minimax_lower' on page 3 undefined on input line 
77.


Overfull \hbox (0.83334pt too wide) in paragraph at lines 77--78
\OT1/cmr/m/n/10.95 uct, gradient-based lo-cal av-er-ag-ing, and finite-differen
ce sam-pling (Sec-
 []


LaTeX Warning: Reference `subsec:complex_ssr' on page 3 undefined on input line
 79.


Overfull \hbox (1.72977pt too wide) in paragraph at lines 79--80
\OT1/cmr/bx/n/10.95 Performance Trade-off\OT1/cmr/m/n/10.95 : We im-ple-ment th
e Scope--Shield--Risk (SSR)
 []

[3]

LaTeX Warning: Reference `sec:related' on page 4 undefined on input line 82.


LaTeX Warning: Reference `sec:prelim' on page 4 undefined on input line 82.


LaTeX Warning: Reference `sec:undecidable' on page 4 undefined on input line 82
.


LaTeX Warning: Reference `sec:lower' on page 4 undefined on input line 82.


LaTeX Warning: Reference `sec:experiments' on page 4 undefined on input line 82
.


LaTeX Warning: Reference `sec:ssr' on page 4 undefined on input line 82.


LaTeX Warning: Reference `sec:discussion' on page 4 undefined on input line 82.



Package natbib Warning: Citation `madani1999undecidability' on page 4 undefined
 on input line 88.


LaTeX Warning: Reference `thm:undecidability' on page 4 undefined on input line
 88.


Package natbib Warning: Citation `baier2008principles' on page 4 undefined on i
nput line 91.


Package natbib Warning: Citation `alshiekh2018safe' on page 4 undefined on inpu
t line 91.


Package natbib Warning: Citation `koenighofer2024shields' on page 4 undefined o
n input line 91.


Package natbib Warning: Citation `mcallester1999pacbayes' on page 4 undefined o
n input line 94.


Package natbib Warning: Citation `catoni2007pacbayes' on page 4 undefined on in
put line 94.


Package natbib Warning: Citation `alquier2021user' on page 4 undefined on input
 line 94.


Package natbib Warning: Citation 